current directory: /home/zuz/code/zzuziak/zuzazuber/gems/msgpack-1.5.4/ext/msgpack
/home/zuz/.rbenv/versions/3.1.2/bin/ruby -I /home/zuz/.rbenv/versions/3.1.2/lib/ruby/site_ruby/3.1.0 extconf.rb
checking for ruby/st.h... yes
checking for st.h... no
checking for rb_enc_interned_str() in ruby.h... yes
checking for rb_hash_new_capa() in ruby.h... no
creating Makefile

current directory: /home/zuz/code/zzuziak/zuzazuber/gems/msgpack-1.5.4/ext/msgpack
make DESTDIR\= sitearchdir\=./.gem.20220814-30808-idg13l sitelibdir\=./.gem.20220814-30808-idg13l clean

current directory: /home/zuz/code/zzuziak/zuzazuber/gems/msgpack-1.5.4/ext/msgpack
make DESTDIR\= sitearchdir\=./.gem.20220814-30808-idg13l sitelibdir\=./.gem.20220814-30808-idg13l
compiling buffer.c
compiling buffer_class.c
compiling extension_value_class.c
compiling factory_class.c
compiling packer.c
compiling packer_class.c
compiling packer_ext_registry.c
compiling rbinit.c
compiling rmem.c
compiling unpacker.c
compiling unpacker_class.c
compiling unpacker_ext_registry.c
linking shared-object msgpack/msgpack.so

current directory: /home/zuz/code/zzuziak/zuzazuber/gems/msgpack-1.5.4/ext/msgpack
make DESTDIR\= sitearchdir\=./.gem.20220814-30808-idg13l sitelibdir\=./.gem.20220814-30808-idg13l install
/usr/bin/install -c -m 0755 msgpack.so ./.gem.20220814-30808-idg13l/msgpack
