current directory: /home/zuz/code/zzuziak/zuzazuber/gems/puma-5.6.4/ext/puma_http11
/home/zuz/.rbenv/versions/3.1.2/bin/ruby -I /home/zuz/.rbenv/versions/3.1.2/lib/ruby/site_ruby/3.1.0 extconf.rb
using OpenSSL pkgconfig (openssl.pc)
checking for openssl/bio.h... yes
checking for DTLS_method() in openssl/ssl.h... yes
checking for TLS_server_method() in openssl/ssl.h... yes
checking for SSL_CTX_set_min_proto_version(NULL, 0) in openssl/ssl.h... yes
checking for X509_STORE_up_ref()... yes
checking for SSL_CTX_set_ecdh_auto(NULL, 0) in openssl/ssl.h... yes
checking for SSL_get1_peer_certificate() in openssl/ssl.h... yes
checking for Random.bytes... yes
creating Makefile

current directory: /home/zuz/code/zzuziak/zuzazuber/gems/puma-5.6.4/ext/puma_http11
make DESTDIR\= sitearchdir\=./.gem.20220814-30808-ffj2xm sitelibdir\=./.gem.20220814-30808-ffj2xm clean

current directory: /home/zuz/code/zzuziak/zuzazuber/gems/puma-5.6.4/ext/puma_http11
make DESTDIR\= sitearchdir\=./.gem.20220814-30808-ffj2xm sitelibdir\=./.gem.20220814-30808-ffj2xm
compiling http11_parser.c
compiling mini_ssl.c
compiling puma_http11.c
linking shared-object puma/puma_http11.so

current directory: /home/zuz/code/zzuziak/zuzazuber/gems/puma-5.6.4/ext/puma_http11
make DESTDIR\= sitearchdir\=./.gem.20220814-30808-ffj2xm sitelibdir\=./.gem.20220814-30808-ffj2xm install
/usr/bin/install -c -m 0755 puma_http11.so ./.gem.20220814-30808-ffj2xm/puma
