current directory: /home/zuz/code/zzuziak/zuzazuber/gems/pg-1.4.3/ext
/home/zuz/.rbenv/versions/3.1.2/bin/ruby -I /home/zuz/.rbenv/versions/3.1.2/lib/ruby/site_ruby/3.1.0 extconf.rb
Calling libpq with GVL unlocked
checking for pg_config... yes
Using config values from /usr/bin/pg_config
Using libpq from /usr/lib/x86_64-linux-gnu
checking for libpq-fe.h... yes
checking for libpq/libpq-fs.h... yes
checking for pg_config_manual.h... yes
checking for PQconnectdb() in -lpq... yes
checking for PQconninfo() in libpq-fe.h... yes
checking for PQsslAttribute() in libpq-fe.h... yes
checking for PQresultVerboseErrorMessage() in libpq-fe.h... yes
checking for PQencryptPasswordConn() in libpq-fe.h... yes
checking for PQresultMemorySize() in libpq-fe.h... yes
checking for PQenterPipelineMode() in libpq-fe.h... yes
checking for timegm()... yes
checking for rb_gc_adjust_memory_usage()... yes
checking for rb_gc_mark_movable()... yes
checking for rb_io_wait()... yes
checking for unistd.h... yes
checking for inttypes.h... yes
checking for C99 variable length arrays... yes
creating extconf.h
creating Makefile

current directory: /home/zuz/code/zzuziak/zuzazuber/gems/pg-1.4.3/ext
make DESTDIR\= sitearchdir\=./.gem.20220814-30808-p6j7o sitelibdir\=./.gem.20220814-30808-p6j7o clean

current directory: /home/zuz/code/zzuziak/zuzazuber/gems/pg-1.4.3/ext
make DESTDIR\= sitearchdir\=./.gem.20220814-30808-p6j7o sitelibdir\=./.gem.20220814-30808-p6j7o
compiling gvl_wrappers.c
In file included from pg.h:62,
                 from gvl_wrappers.c:6:
/usr/include/postgresql/pg_config_manual.h:68:5: warning: "SIZEOF_VOID_P" is not defined, evaluates to 0 [-Wundef]
   68 | #if SIZEOF_VOID_P >= 8
      |     ^~~~~~~~~~~~~
/usr/include/postgresql/pg_config_manual.h:151:5: warning: "HAVE_DECL_POSIX_FADVISE" is not defined, evaluates to 0 [-Wundef]
  151 | #if HAVE_DECL_POSIX_FADVISE && defined(HAVE_POSIX_FADVISE)
      |     ^~~~~~~~~~~~~~~~~~~~~~~
cc1: note: unrecognized command-line option ‘-Wno-self-assign’ may have been intended to silence earlier diagnostics
cc1: note: unrecognized command-line option ‘-Wno-parentheses-equality’ may have been intended to silence earlier diagnostics
cc1: note: unrecognized command-line option ‘-Wno-constant-logical-operand’ may have been intended to silence earlier diagnostics
compiling pg.c
In file included from pg.h:62,
                 from pg.c:49:
/usr/include/postgresql/pg_config_manual.h:68:5: warning: "SIZEOF_VOID_P" is not defined, evaluates to 0 [-Wundef]
   68 | #if SIZEOF_VOID_P >= 8
      |     ^~~~~~~~~~~~~
/usr/include/postgresql/pg_config_manual.h:151:5: warning: "HAVE_DECL_POSIX_FADVISE" is not defined, evaluates to 0 [-Wundef]
  151 | #if HAVE_DECL_POSIX_FADVISE && defined(HAVE_POSIX_FADVISE)
      |     ^~~~~~~~~~~~~~~~~~~~~~~
In file included from pg.c:50:
/usr/include/postgresql/pg_config.h:1010: warning: "restrict" redefined
 1010 | #define restrict __restrict__
      | 
In file included from /home/zuz/.rbenv/versions/3.1.2/include/ruby-3.1.0/ruby/internal/config.h:22,
                 from /home/zuz/.rbenv/versions/3.1.2/include/ruby-3.1.0/ruby/ruby.h:15,
                 from /home/zuz/.rbenv/versions/3.1.2/include/ruby-3.1.0/ruby.h:38,
                 from pg.h:21,
                 from pg.c:49:
/home/zuz/.rbenv/versions/3.1.2/include/ruby-3.1.0/x86_64-linux/ruby/config.h:63: note: this is the location of the previous definition
   63 | #define restrict __restrict
      | 
cc1: note: unrecognized command-line option ‘-Wno-self-assign’ may have been intended to silence earlier diagnostics
cc1: note: unrecognized command-line option ‘-Wno-parentheses-equality’ may have been intended to silence earlier diagnostics
cc1: note: unrecognized command-line option ‘-Wno-constant-logical-operand’ may have been intended to silence earlier diagnostics
compiling pg_binary_decoder.c
In file included from pg.h:62,
                 from pg_binary_decoder.c:8:
/usr/include/postgresql/pg_config_manual.h:68:5: warning: "SIZEOF_VOID_P" is not defined, evaluates to 0 [-Wundef]
   68 | #if SIZEOF_VOID_P >= 8
      |     ^~~~~~~~~~~~~
/usr/include/postgresql/pg_config_manual.h:151:5: warning: "HAVE_DECL_POSIX_FADVISE" is not defined, evaluates to 0 [-Wundef]
  151 | #if HAVE_DECL_POSIX_FADVISE && defined(HAVE_POSIX_FADVISE)
      |     ^~~~~~~~~~~~~~~~~~~~~~~
cc1: note: unrecognized command-line option ‘-Wno-self-assign’ may have been intended to silence earlier diagnostics
cc1: note: unrecognized command-line option ‘-Wno-parentheses-equality’ may have been intended to silence earlier diagnostics
cc1: note: unrecognized command-line option ‘-Wno-constant-logical-operand’ may have been intended to silence earlier diagnostics
compiling pg_binary_encoder.c
In file included from pg.h:62,
                 from pg_binary_encoder.c:7:
/usr/include/postgresql/pg_config_manual.h:68:5: warning: "SIZEOF_VOID_P" is not defined, evaluates to 0 [-Wundef]
   68 | #if SIZEOF_VOID_P >= 8
      |     ^~~~~~~~~~~~~
/usr/include/postgresql/pg_config_manual.h:151:5: warning: "HAVE_DECL_POSIX_FADVISE" is not defined, evaluates to 0 [-Wundef]
  151 | #if HAVE_DECL_POSIX_FADVISE && defined(HAVE_POSIX_FADVISE)
      |     ^~~~~~~~~~~~~~~~~~~~~~~
cc1: note: unrecognized command-line option ‘-Wno-self-assign’ may have been intended to silence earlier diagnostics
cc1: note: unrecognized command-line option ‘-Wno-parentheses-equality’ may have been intended to silence earlier diagnostics
cc1: note: unrecognized command-line option ‘-Wno-constant-logical-operand’ may have been intended to silence earlier diagnostics
compiling pg_coder.c
In file included from pg.h:62,
                 from pg_coder.c:6:
/usr/include/postgresql/pg_config_manual.h:68:5: warning: "SIZEOF_VOID_P" is not defined, evaluates to 0 [-Wundef]
   68 | #if SIZEOF_VOID_P >= 8
      |     ^~~~~~~~~~~~~
/usr/include/postgresql/pg_config_manual.h:151:5: warning: "HAVE_DECL_POSIX_FADVISE" is not defined, evaluates to 0 [-Wundef]
  151 | #if HAVE_DECL_POSIX_FADVISE && defined(HAVE_POSIX_FADVISE)
      |     ^~~~~~~~~~~~~~~~~~~~~~~
cc1: note: unrecognized command-line option ‘-Wno-self-assign’ may have been intended to silence earlier diagnostics
cc1: note: unrecognized command-line option ‘-Wno-parentheses-equality’ may have been intended to silence earlier diagnostics
cc1: note: unrecognized command-line option ‘-Wno-constant-logical-operand’ may have been intended to silence earlier diagnostics
compiling pg_connection.c
In file included from pg.h:62,
                 from pg_connection.c:7:
/usr/include/postgresql/pg_config_manual.h:68:5: warning: "SIZEOF_VOID_P" is not defined, evaluates to 0 [-Wundef]
   68 | #if SIZEOF_VOID_P >= 8
      |     ^~~~~~~~~~~~~
/usr/include/postgresql/pg_config_manual.h:151:5: warning: "HAVE_DECL_POSIX_FADVISE" is not defined, evaluates to 0 [-Wundef]
  151 | #if HAVE_DECL_POSIX_FADVISE && defined(HAVE_POSIX_FADVISE)
      |     ^~~~~~~~~~~~~~~~~~~~~~~
cc1: note: unrecognized command-line option ‘-Wno-self-assign’ may have been intended to silence earlier diagnostics
cc1: note: unrecognized command-line option ‘-Wno-parentheses-equality’ may have been intended to silence earlier diagnostics
cc1: note: unrecognized command-line option ‘-Wno-constant-logical-operand’ may have been intended to silence earlier diagnostics
compiling pg_copy_coder.c
In file included from pg.h:62,
                 from pg_copy_coder.c:6:
/usr/include/postgresql/pg_config_manual.h:68:5: warning: "SIZEOF_VOID_P" is not defined, evaluates to 0 [-Wundef]
   68 | #if SIZEOF_VOID_P >= 8
      |     ^~~~~~~~~~~~~
/usr/include/postgresql/pg_config_manual.h:151:5: warning: "HAVE_DECL_POSIX_FADVISE" is not defined, evaluates to 0 [-Wundef]
  151 | #if HAVE_DECL_POSIX_FADVISE && defined(HAVE_POSIX_FADVISE)
      |     ^~~~~~~~~~~~~~~~~~~~~~~
cc1: note: unrecognized command-line option ‘-Wno-self-assign’ may have been intended to silence earlier diagnostics
cc1: note: unrecognized command-line option ‘-Wno-parentheses-equality’ may have been intended to silence earlier diagnostics
cc1: note: unrecognized command-line option ‘-Wno-constant-logical-operand’ may have been intended to silence earlier diagnostics
compiling pg_errors.c
In file included from pg.h:62,
                 from pg_errors.c:6:
/usr/include/postgresql/pg_config_manual.h:68:5: warning: "SIZEOF_VOID_P" is not defined, evaluates to 0 [-Wundef]
   68 | #if SIZEOF_VOID_P >= 8
      |     ^~~~~~~~~~~~~
/usr/include/postgresql/pg_config_manual.h:151:5: warning: "HAVE_DECL_POSIX_FADVISE" is not defined, evaluates to 0 [-Wundef]
  151 | #if HAVE_DECL_POSIX_FADVISE && defined(HAVE_POSIX_FADVISE)
      |     ^~~~~~~~~~~~~~~~~~~~~~~
cc1: note: unrecognized command-line option ‘-Wno-self-assign’ may have been intended to silence earlier diagnostics
cc1: note: unrecognized command-line option ‘-Wno-parentheses-equality’ may have been intended to silence earlier diagnostics
cc1: note: unrecognized command-line option ‘-Wno-constant-logical-operand’ may have been intended to silence earlier diagnostics
compiling pg_record_coder.c
In file included from pg.h:62,
                 from pg_record_coder.c:6:
/usr/include/postgresql/pg_config_manual.h:68:5: warning: "SIZEOF_VOID_P" is not defined, evaluates to 0 [-Wundef]
   68 | #if SIZEOF_VOID_P >= 8
      |     ^~~~~~~~~~~~~
/usr/include/postgresql/pg_config_manual.h:151:5: warning: "HAVE_DECL_POSIX_FADVISE" is not defined, evaluates to 0 [-Wundef]
  151 | #if HAVE_DECL_POSIX_FADVISE && defined(HAVE_POSIX_FADVISE)
      |     ^~~~~~~~~~~~~~~~~~~~~~~
cc1: note: unrecognized command-line option ‘-Wno-self-assign’ may have been intended to silence earlier diagnostics
cc1: note: unrecognized command-line option ‘-Wno-parentheses-equality’ may have been intended to silence earlier diagnostics
cc1: note: unrecognized command-line option ‘-Wno-constant-logical-operand’ may have been intended to silence earlier diagnostics
compiling pg_result.c
In file included from pg.h:62,
                 from pg_result.c:7:
/usr/include/postgresql/pg_config_manual.h:68:5: warning: "SIZEOF_VOID_P" is not defined, evaluates to 0 [-Wundef]
   68 | #if SIZEOF_VOID_P >= 8
      |     ^~~~~~~~~~~~~
/usr/include/postgresql/pg_config_manual.h:151:5: warning: "HAVE_DECL_POSIX_FADVISE" is not defined, evaluates to 0 [-Wundef]
  151 | #if HAVE_DECL_POSIX_FADVISE && defined(HAVE_POSIX_FADVISE)
      |     ^~~~~~~~~~~~~~~~~~~~~~~
cc1: note: unrecognized command-line option ‘-Wno-self-assign’ may have been intended to silence earlier diagnostics
cc1: note: unrecognized command-line option ‘-Wno-parentheses-equality’ may have been intended to silence earlier diagnostics
cc1: note: unrecognized command-line option ‘-Wno-constant-logical-operand’ may have been intended to silence earlier diagnostics
compiling pg_text_decoder.c
In file included from pg.h:62,
                 from pg_text_decoder.c:32:
/usr/include/postgresql/pg_config_manual.h:68:5: warning: "SIZEOF_VOID_P" is not defined, evaluates to 0 [-Wundef]
   68 | #if SIZEOF_VOID_P >= 8
      |     ^~~~~~~~~~~~~
/usr/include/postgresql/pg_config_manual.h:151:5: warning: "HAVE_DECL_POSIX_FADVISE" is not defined, evaluates to 0 [-Wundef]
  151 | #if HAVE_DECL_POSIX_FADVISE && defined(HAVE_POSIX_FADVISE)
      |     ^~~~~~~~~~~~~~~~~~~~~~~
cc1: note: unrecognized command-line option ‘-Wno-self-assign’ may have been intended to silence earlier diagnostics
cc1: note: unrecognized command-line option ‘-Wno-parentheses-equality’ may have been intended to silence earlier diagnostics
cc1: note: unrecognized command-line option ‘-Wno-constant-logical-operand’ may have been intended to silence earlier diagnostics
compiling pg_text_encoder.c
In file included from pg.h:62,
                 from pg_text_encoder.c:43:
/usr/include/postgresql/pg_config_manual.h:68:5: warning: "SIZEOF_VOID_P" is not defined, evaluates to 0 [-Wundef]
   68 | #if SIZEOF_VOID_P >= 8
      |     ^~~~~~~~~~~~~
/usr/include/postgresql/pg_config_manual.h:151:5: warning: "HAVE_DECL_POSIX_FADVISE" is not defined, evaluates to 0 [-Wundef]
  151 | #if HAVE_DECL_POSIX_FADVISE && defined(HAVE_POSIX_FADVISE)
      |     ^~~~~~~~~~~~~~~~~~~~~~~
cc1: note: unrecognized command-line option ‘-Wno-self-assign’ may have been intended to silence earlier diagnostics
cc1: note: unrecognized command-line option ‘-Wno-parentheses-equality’ may have been intended to silence earlier diagnostics
cc1: note: unrecognized command-line option ‘-Wno-constant-logical-operand’ may have been intended to silence earlier diagnostics
compiling pg_tuple.c
In file included from pg.h:62,
                 from pg_tuple.c:1:
/usr/include/postgresql/pg_config_manual.h:68:5: warning: "SIZEOF_VOID_P" is not defined, evaluates to 0 [-Wundef]
   68 | #if SIZEOF_VOID_P >= 8
      |     ^~~~~~~~~~~~~
/usr/include/postgresql/pg_config_manual.h:151:5: warning: "HAVE_DECL_POSIX_FADVISE" is not defined, evaluates to 0 [-Wundef]
  151 | #if HAVE_DECL_POSIX_FADVISE && defined(HAVE_POSIX_FADVISE)
      |     ^~~~~~~~~~~~~~~~~~~~~~~
cc1: note: unrecognized command-line option ‘-Wno-self-assign’ may have been intended to silence earlier diagnostics
cc1: note: unrecognized command-line option ‘-Wno-parentheses-equality’ may have been intended to silence earlier diagnostics
cc1: note: unrecognized command-line option ‘-Wno-constant-logical-operand’ may have been intended to silence earlier diagnostics
compiling pg_type_map.c
In file included from pg.h:62,
                 from pg_type_map.c:7:
/usr/include/postgresql/pg_config_manual.h:68:5: warning: "SIZEOF_VOID_P" is not defined, evaluates to 0 [-Wundef]
   68 | #if SIZEOF_VOID_P >= 8
      |     ^~~~~~~~~~~~~
/usr/include/postgresql/pg_config_manual.h:151:5: warning: "HAVE_DECL_POSIX_FADVISE" is not defined, evaluates to 0 [-Wundef]
  151 | #if HAVE_DECL_POSIX_FADVISE && defined(HAVE_POSIX_FADVISE)
      |     ^~~~~~~~~~~~~~~~~~~~~~~
cc1: note: unrecognized command-line option ‘-Wno-self-assign’ may have been intended to silence earlier diagnostics
cc1: note: unrecognized command-line option ‘-Wno-parentheses-equality’ may have been intended to silence earlier diagnostics
cc1: note: unrecognized command-line option ‘-Wno-constant-logical-operand’ may have been intended to silence earlier diagnostics
compiling pg_type_map_all_strings.c
In file included from pg.h:62,
                 from pg_type_map_all_strings.c:9:
/usr/include/postgresql/pg_config_manual.h:68:5: warning: "SIZEOF_VOID_P" is not defined, evaluates to 0 [-Wundef]
   68 | #if SIZEOF_VOID_P >= 8
      |     ^~~~~~~~~~~~~
/usr/include/postgresql/pg_config_manual.h:151:5: warning: "HAVE_DECL_POSIX_FADVISE" is not defined, evaluates to 0 [-Wundef]
  151 | #if HAVE_DECL_POSIX_FADVISE && defined(HAVE_POSIX_FADVISE)
      |     ^~~~~~~~~~~~~~~~~~~~~~~
cc1: note: unrecognized command-line option ‘-Wno-self-assign’ may have been intended to silence earlier diagnostics
cc1: note: unrecognized command-line option ‘-Wno-parentheses-equality’ may have been intended to silence earlier diagnostics
cc1: note: unrecognized command-line option ‘-Wno-constant-logical-operand’ may have been intended to silence earlier diagnostics
compiling pg_type_map_by_class.c
In file included from pg.h:62,
                 from pg_type_map_by_class.c:10:
/usr/include/postgresql/pg_config_manual.h:68:5: warning: "SIZEOF_VOID_P" is not defined, evaluates to 0 [-Wundef]
   68 | #if SIZEOF_VOID_P >= 8
      |     ^~~~~~~~~~~~~
/usr/include/postgresql/pg_config_manual.h:151:5: warning: "HAVE_DECL_POSIX_FADVISE" is not defined, evaluates to 0 [-Wundef]
  151 | #if HAVE_DECL_POSIX_FADVISE && defined(HAVE_POSIX_FADVISE)
      |     ^~~~~~~~~~~~~~~~~~~~~~~
cc1: note: unrecognized command-line option ‘-Wno-self-assign’ may have been intended to silence earlier diagnostics
cc1: note: unrecognized command-line option ‘-Wno-parentheses-equality’ may have been intended to silence earlier diagnostics
cc1: note: unrecognized command-line option ‘-Wno-constant-logical-operand’ may have been intended to silence earlier diagnostics
compiling pg_type_map_by_column.c
In file included from pg.h:62,
                 from pg_type_map_by_column.c:7:
/usr/include/postgresql/pg_config_manual.h:68:5: warning: "SIZEOF_VOID_P" is not defined, evaluates to 0 [-Wundef]
   68 | #if SIZEOF_VOID_P >= 8
      |     ^~~~~~~~~~~~~
/usr/include/postgresql/pg_config_manual.h:151:5: warning: "HAVE_DECL_POSIX_FADVISE" is not defined, evaluates to 0 [-Wundef]
  151 | #if HAVE_DECL_POSIX_FADVISE && defined(HAVE_POSIX_FADVISE)
      |     ^~~~~~~~~~~~~~~~~~~~~~~
cc1: note: unrecognized command-line option ‘-Wno-self-assign’ may have been intended to silence earlier diagnostics
cc1: note: unrecognized command-line option ‘-Wno-parentheses-equality’ may have been intended to silence earlier diagnostics
cc1: note: unrecognized command-line option ‘-Wno-constant-logical-operand’ may have been intended to silence earlier diagnostics
compiling pg_type_map_by_mri_type.c
In file included from pg.h:62,
                 from pg_type_map_by_mri_type.c:10:
/usr/include/postgresql/pg_config_manual.h:68:5: warning: "SIZEOF_VOID_P" is not defined, evaluates to 0 [-Wundef]
   68 | #if SIZEOF_VOID_P >= 8
      |     ^~~~~~~~~~~~~
/usr/include/postgresql/pg_config_manual.h:151:5: warning: "HAVE_DECL_POSIX_FADVISE" is not defined, evaluates to 0 [-Wundef]
  151 | #if HAVE_DECL_POSIX_FADVISE && defined(HAVE_POSIX_FADVISE)
      |     ^~~~~~~~~~~~~~~~~~~~~~~
cc1: note: unrecognized command-line option ‘-Wno-self-assign’ may have been intended to silence earlier diagnostics
cc1: note: unrecognized command-line option ‘-Wno-parentheses-equality’ may have been intended to silence earlier diagnostics
cc1: note: unrecognized command-line option ‘-Wno-constant-logical-operand’ may have been intended to silence earlier diagnostics
compiling pg_type_map_by_oid.c
In file included from pg.h:62,
                 from pg_type_map_by_oid.c:7:
/usr/include/postgresql/pg_config_manual.h:68:5: warning: "SIZEOF_VOID_P" is not defined, evaluates to 0 [-Wundef]
   68 | #if SIZEOF_VOID_P >= 8
      |     ^~~~~~~~~~~~~
/usr/include/postgresql/pg_config_manual.h:151:5: warning: "HAVE_DECL_POSIX_FADVISE" is not defined, evaluates to 0 [-Wundef]
  151 | #if HAVE_DECL_POSIX_FADVISE && defined(HAVE_POSIX_FADVISE)
      |     ^~~~~~~~~~~~~~~~~~~~~~~
cc1: note: unrecognized command-line option ‘-Wno-self-assign’ may have been intended to silence earlier diagnostics
cc1: note: unrecognized command-line option ‘-Wno-parentheses-equality’ may have been intended to silence earlier diagnostics
cc1: note: unrecognized command-line option ‘-Wno-constant-logical-operand’ may have been intended to silence earlier diagnostics
compiling pg_type_map_in_ruby.c
In file included from pg.h:62,
                 from pg_type_map_in_ruby.c:7:
/usr/include/postgresql/pg_config_manual.h:68:5: warning: "SIZEOF_VOID_P" is not defined, evaluates to 0 [-Wundef]
   68 | #if SIZEOF_VOID_P >= 8
      |     ^~~~~~~~~~~~~
/usr/include/postgresql/pg_config_manual.h:151:5: warning: "HAVE_DECL_POSIX_FADVISE" is not defined, evaluates to 0 [-Wundef]
  151 | #if HAVE_DECL_POSIX_FADVISE && defined(HAVE_POSIX_FADVISE)
      |     ^~~~~~~~~~~~~~~~~~~~~~~
cc1: note: unrecognized command-line option ‘-Wno-self-assign’ may have been intended to silence earlier diagnostics
cc1: note: unrecognized command-line option ‘-Wno-parentheses-equality’ may have been intended to silence earlier diagnostics
cc1: note: unrecognized command-line option ‘-Wno-constant-logical-operand’ may have been intended to silence earlier diagnostics
compiling pg_util.c
In file included from pg.h:62,
                 from pg_util.c:7:
/usr/include/postgresql/pg_config_manual.h:68:5: warning: "SIZEOF_VOID_P" is not defined, evaluates to 0 [-Wundef]
   68 | #if SIZEOF_VOID_P >= 8
      |     ^~~~~~~~~~~~~
/usr/include/postgresql/pg_config_manual.h:151:5: warning: "HAVE_DECL_POSIX_FADVISE" is not defined, evaluates to 0 [-Wundef]
  151 | #if HAVE_DECL_POSIX_FADVISE && defined(HAVE_POSIX_FADVISE)
      |     ^~~~~~~~~~~~~~~~~~~~~~~
cc1: note: unrecognized command-line option ‘-Wno-self-assign’ may have been intended to silence earlier diagnostics
cc1: note: unrecognized command-line option ‘-Wno-parentheses-equality’ may have been intended to silence earlier diagnostics
cc1: note: unrecognized command-line option ‘-Wno-constant-logical-operand’ may have been intended to silence earlier diagnostics
linking shared-object pg_ext.so

current directory: /home/zuz/code/zzuziak/zuzazuber/gems/pg-1.4.3/ext
make DESTDIR\= sitearchdir\=./.gem.20220814-30808-p6j7o sitelibdir\=./.gem.20220814-30808-p6j7o install
/usr/bin/install -c -m 0755 pg_ext.so ./.gem.20220814-30808-p6j7o
installing pg_ext libraries
